Using pre-set license
Built from '2021.1/staging' branch; Version is '2021.1.20f1 (be552157821d) revision 12473633'; Using compiler version '192528614'; Build Type 'Release'
OS: 'Windows 10 Home; OS build 19045.3693; Version 2009; 64bit' Language: 'ko' Physical Memory: 16315 MB
BatchMode: 1, IsHumanControllingUs: 0, StartBugReporterOnCrash: 0, Is64bit: 1, IsPro: 0

COMMAND LINE ARGUMENTS:
C:\Program Files\Unity\Hub\Editor\2021.1.20f1\Editor\Unity.exe
-adb2
-batchMode
-noUpm
-name
AssetImportWorker0
-projectPath
D:/Study/Git/TeamPaladog/DungeonGuide
-logFile
Logs/AssetImportWorker0.log
-srvPort
10443
Successfully changed project path to: D:/Study/Git/TeamPaladog/DungeonGuide
D:/Study/Git/TeamPaladog/DungeonGuide
Using Asset Import Pipeline V2.
Refreshing native plugins compatible for Editor in 134.00 ms, found 8 plugins.
Preloading 0 native plugins for Editor in 0.00 ms.
Initialize engine version: 2021.1.20f1 (be552157821d)
[Subsystems] Discovering subsystems at path C:/Program Files/Unity/Hub/Editor/2021.1.20f1/Editor/Data/Resources/UnitySubsystems
[Subsystems] Discovering subsystems at path D:/Study/Git/TeamPaladog/DungeonGuide/Assets
GfxDevice: creating device client; threaded=0; jobified=0
Direct3D:
    Version:  Direct3D 11.0 [level 11.1]
    Renderer: NVIDIA GeForce RTX 2060 SUPER (ID=0x1f06)
    Vendor:   NVIDIA
    VRAM:     8019 MB
    Driver:   31.0.15.3640
Initialize mono
Mono path[0] = 'C:/Program Files/Unity/Hub/Editor/2021.1.20f1/Editor/Data/Managed'
Mono path[1] = 'C:/Program Files/Unity/Hub/Editor/2021.1.20f1/Editor/Data/MonoBleedingEdge/lib/mono/unityjit'
Mono config path = 'C:/Program Files/Unity/Hub/Editor/2021.1.20f1/Editor/Data/MonoBleedingEdge/etc'
Using monoOptions --debugger-agent=transport=dt_socket,embedding=1,server=y,suspend=n,address=127.0.0.1:56516
Begin MonoManager ReloadAssembly
Registering precompiled unity dll's ...
Register platform support module: C:/Program Files/Unity/Hub/Editor/2021.1.20f1/Editor/Data/PlaybackEngines/WindowsStandaloneSupport/UnityEditor.WindowsStandalone.Extensions.dll
Registered in 0.002039 seconds.
Native extension for WindowsStandalone target not found
Refreshing native plugins compatible for Editor in 116.20 ms, found 8 plugins.
Preloading 0 native plugins for Editor in 0.00 ms.
Mono: successfully reloaded assembly
- Completed reload, in  1.923 seconds
Domain Reload Profiling:
	ReloadAssembly (1924ms)
		BeginReloadAssembly (63ms)
			ExecutionOrderSort (0ms)
			DisableScriptedObjects (0ms)
			BackupInstance (0ms)
			ReleaseScriptingObjects (0ms)
			CreateAndSetChildDomain (1ms)
		EndReloadAssembly (449ms)
			LoadAssemblies (61ms)
			RebuildTransferFunctionScriptingTraits (0ms)
			SetupTypeCache (142ms)
			ReleaseScriptCaches (0ms)
			RebuildScriptCaches (25ms)
			SetupLoadedEditorAssemblies (232ms)
				LogAssemblyErrors (0ms)
				InitializePlatformSupportModulesInManaged (5ms)
				SetLoadedEditorAssemblies (0ms)
				RefreshPlugins (116ms)
				BeforeProcessingInitializeOnLoad (2ms)
				ProcessInitializeOnLoadAttributes (83ms)
				ProcessInitializeOnLoadMethodAttributes (25ms)
				AfterProcessingInitializeOnLoad (0ms)
				EditorAssembliesLoaded (0ms)
			ExecutionOrderSort2 (0ms)
			AwakeInstancesAfterBackupRestoration (0ms)
Platform modules already initialized, skipping
Registering precompiled user dll's ...
Registered in 0.010341 seconds.
Begin MonoManager ReloadAssembly
Symbol file LoadedFromMemory doesn't match image D:\Study\Git\TeamPaladog\DungeonGuide\Library\PackageCache\com.unity.visualscripting@1.6.1\Editor\VisualScripting.Core\Dependencies\DotNetZip\Unity.VisualScripting.IonicZip.dll
Symbol file LoadedFromMemory doesn't match image D:\Study\Git\TeamPaladog\DungeonGuide\Library\PackageCache\com.unity.visualscripting@1.6.1\Editor\VisualScripting.Core\Dependencies\YamlDotNet\Unity.VisualScripting.YamlDotNet.dll
Native extension for WindowsStandalone target not found
Refreshing native plugins compatible for Editor in 136.03 ms, found 8 plugins.
Preloading 0 native plugins for Editor in 0.00 ms.
GPGSUpgrader start
UnityEngine.StackTraceUtility:ExtractStackTrace ()
UnityEngine.DebugLogHandler:LogFormat (UnityEngine.LogType,UnityEngine.Object,string,object[])
UnityEngine.Logger:Log (UnityEngine.LogType,object)
UnityEngine.Debug:Log (object)
GooglePlayGames.Editor.GPGSUpgrader:.cctor () (at Assets/GooglePlayGames/Editor/GPGSUpgrader.cs:38)
System.Runtime.CompilerServices.RuntimeHelpers:RunClassConstructor (System.RuntimeTypeHandle)
UnityEditor.EditorAssemblies:ProcessInitializeOnLoadAttributes (System.Type[])

(Filename: Assets/GooglePlayGames/Editor/GPGSUpgrader.cs Line: 38)

GPGSUpgrader done
UnityEngine.StackTraceUtility:ExtractStackTrace ()
UnityEngine.DebugLogHandler:LogFormat (UnityEngine.LogType,UnityEngine.Object,string,object[])
UnityEngine.Logger:Log (UnityEngine.LogType,object)
UnityEngine.Debug:Log (object)
GooglePlayGames.Editor.GPGSUpgrader:.cctor () (at Assets/GooglePlayGames/Editor/GPGSUpgrader.cs:57)
System.Runtime.CompilerServices.RuntimeHelpers:RunClassConstructor (System.RuntimeTypeHandle)
UnityEditor.EditorAssemblies:ProcessInitializeOnLoadAttributes (System.Type[])

(Filename: Assets/GooglePlayGames/Editor/GPGSUpgrader.cs Line: 57)

Mono: successfully reloaded assembly
- Completed reload, in  1.328 seconds
Domain Reload Profiling:
	ReloadAssembly (1328ms)
		BeginReloadAssembly (142ms)
			ExecutionOrderSort (0ms)
			DisableScriptedObjects (4ms)
			BackupInstance (0ms)
			ReleaseScriptingObjects (0ms)
			CreateAndSetChildDomain (18ms)
		EndReloadAssembly (1129ms)
			LoadAssemblies (105ms)
			RebuildTransferFunctionScriptingTraits (0ms)
			SetupTypeCache (355ms)
			ReleaseScriptCaches (1ms)
			RebuildScriptCaches (56ms)
			SetupLoadedEditorAssemblies (468ms)
				LogAssemblyErrors (0ms)
				InitializePlatformSupportModulesInManaged (3ms)
				SetLoadedEditorAssemblies (0ms)
				RefreshPlugins (136ms)
				BeforeProcessingInitializeOnLoad (84ms)
				ProcessInitializeOnLoadAttributes (224ms)
				ProcessInitializeOnLoadMethodAttributes (14ms)
				AfterProcessingInitializeOnLoad (7ms)
				EditorAssembliesLoaded (0ms)
			ExecutionOrderSort2 (0ms)
			AwakeInstancesAfterBackupRestoration (6ms)
Platform modules already initialized, skipping
========================================================================
Worker process is ready to serve import requests
Launched and connected shader compiler UnityShaderCompiler.exe after 0.05 seconds
Refreshing native plugins compatible for Editor in 1.63 ms, found 8 plugins.
Preloading 0 native plugins for Editor in 0.00 ms.
Unloading 4223 Unused Serialized files (Serialized files now loaded: 0)
System memory in use before: 161.0 MB.
System memory in use after: 160.0 MB.

Unloading 148 unused Assets to reduce memory usage. Loaded Objects now: 4579.
Total: 4.037700 ms (FindLiveObjects: 0.360100 ms CreateObjectMapping: 0.123100 ms MarkObjects: 2.976800 ms  DeleteObjects: 0.576600 ms)

AssetImportParameters requested are different than current active one (requested -> active):
  custom:framework-win-MediaFoundation: 216162199b28c13a410421893ffa2e32 -> 
  custom:video-decoder-ogg-theora: a1e56fd34408186e4bbccfd4996cb3dc -> 
  custom:container-muxer-webm: aa71ff27fc2769a1b78a27578f13a17b -> 
  custom:container-demuxer-webm: 4f35f7cbe854078d1ac9338744f61a02 -> 
  custom:container-demuxer-ogg: 62fdf1f143b41e24485cea50d1cbac27 -> 
  custom:video-encoder-webm-vp8: eb34c28f22e8b96e1ab97ce403110664 -> 
  custom:video-decoder-webm-vp8: 9c59270c3fd7afecdb556c50c9e8de78 -> 
  custom:audio-decoder-ogg-vorbis: bf7c407c2cedff20999df2af8eb42d56 -> 
  custom:audio-encoder-webm-vorbis: bf7c407c2cedff20999df2af8eb42d56 -> 
========================================================================
Received Import Request.
  path: Assets/02_Script/Play/Boss/04_Gargoyle/Gargoyle.cs
  artifactKey: Guid(2f44e48324b98ef43b71bd1209a9f6c4) Importer(815301076,1909f56bfc062723c751e8b465ee728b)
Start importing Assets/02_Script/Play/Boss/04_Gargoyle/Gargoyle.cs using Guid(2f44e48324b98ef43b71bd1209a9f6c4) Importer(815301076,1909f56bfc062723c751e8b465ee728b)  -> (artifact id: '0678a51b6c244df702618da70e9314b7') in 0.035405 seconds 
========================================================================
Received Import Request.
  Time since last request: 12200.404195 seconds.
  path: Assets/02_Script/Play/Unit/CountUnit.cs
  artifactKey: Guid(23e8bc42b5b0e37408a879de49c00530) Importer(815301076,1909f56bfc062723c751e8b465ee728b)
Start importing Assets/02_Script/Play/Unit/CountUnit.cs using Guid(23e8bc42b5b0e37408a879de49c00530) Importer(815301076,1909f56bfc062723c751e8b465ee728b)  -> (artifact id: '1e31f44d298a4aade82c29a7790a9f96') in 0.010147 seconds 
========================================================================
Received Import Request.
  Time since last request: 0.399888 seconds.
  path: Assets/02_Script/Play/Unit/PercentageUnit.cs
  artifactKey: Guid(7a11dafe3aac9a24a80bc59b2b627ce2) Importer(815301076,1909f56bfc062723c751e8b465ee728b)
Start importing Assets/02_Script/Play/Unit/PercentageUnit.cs using Guid(7a11dafe3aac9a24a80bc59b2b627ce2) Importer(815301076,1909f56bfc062723c751e8b465ee728b)  -> (artifact id: '66ff9b1a0115b7c339b22f928ff73019') in 0.007603 seconds 
========================================================================
Received Import Request.
  Time since last request: 1.183135 seconds.
  path: Assets/02_Script/Play/Unit/UnitHpBar.cs
  artifactKey: Guid(f52514ccca78d534e9a253fcdaca31b0) Importer(815301076,1909f56bfc062723c751e8b465ee728b)
Start importing Assets/02_Script/Play/Unit/UnitHpBar.cs using Guid(f52514ccca78d534e9a253fcdaca31b0) Importer(815301076,1909f56bfc062723c751e8b465ee728b)  -> (artifact id: 'f5674abb8408912815995b2edfb9b906') in 0.026276 seconds 
========================================================================
Received Import Request.
  Time since last request: 105.178582 seconds.
  path: Assets/02_Script/Play/UpdateLater
  artifactKey: Guid(ae2c3d7eb23537547afe6a585fce4d54) Importer(815301076,1909f56bfc062723c751e8b465ee728b)
Start importing Assets/02_Script/Play/UpdateLater using Guid(ae2c3d7eb23537547afe6a585fce4d54) Importer(815301076,1909f56bfc062723c751e8b465ee728b)  -> (artifact id: 'ce4cab995ad40f5c2f451048cf0a902a') in 0.009153 seconds 
========================================================================
Received Import Request.
  Time since last request: 1.247320 seconds.
  path: Assets/02_Script/Play/UpdateLater/Boss_TimeJudge.cs
  artifactKey: Guid(cd8165076b3842440abafa0bf8643dba) Importer(815301076,1909f56bfc062723c751e8b465ee728b)
Start importing Assets/02_Script/Play/UpdateLater/Boss_TimeJudge.cs using Guid(cd8165076b3842440abafa0bf8643dba) Importer(815301076,1909f56bfc062723c751e8b465ee728b)  -> (artifact id: 'ce13d6decfe4cebd06be89436fe5f2ca') in 0.047578 seconds 
========================================================================
Received Import Request.
  Time since last request: 6.638509 seconds.
  path: Assets/02_Script/Play/Player/SkillRange.cs
  artifactKey: Guid(553e0efd3ca63eb4d8b74022f6b65427) Importer(815301076,1909f56bfc062723c751e8b465ee728b)
Start importing Assets/02_Script/Play/Player/SkillRange.cs using Guid(553e0efd3ca63eb4d8b74022f6b65427) Importer(815301076,1909f56bfc062723c751e8b465ee728b)  -> (artifact id: 'c4c6334d1ddcae325d4565ead062e203') in 0.006526 seconds 
========================================================================
Received Import Request.
  Time since last request: 118.998604 seconds.
  path: Assets/02_Script/Object/Main/PlayerInfo.cs
  artifactKey: Guid(16f336abb47cb824e923e7352540fb45) Importer(815301076,1909f56bfc062723c751e8b465ee728b)
Start importing Assets/02_Script/Object/Main/PlayerInfo.cs using Guid(16f336abb47cb824e923e7352540fb45) Importer(815301076,1909f56bfc062723c751e8b465ee728b)  -> (artifact id: '341875ea7d4013ed7024f852bc2e0888') in 0.007862 seconds 
========================================================================
Received Import Request.
  Time since last request: 15.033277 seconds.
  path: Assets/02_Script/Play/Player/Joystick.cs
  artifactKey: Guid(37a3991010210554ab5a919c4893b11a) Importer(815301076,1909f56bfc062723c751e8b465ee728b)
Start importing Assets/02_Script/Play/Player/Joystick.cs using Guid(37a3991010210554ab5a919c4893b11a) Importer(815301076,1909f56bfc062723c751e8b465ee728b)  -> (artifact id: '811d390da74de6c877098feccfc8f146') in 0.024519 seconds 
========================================================================
Received Import Request.
  Time since last request: 2.200826 seconds.
  path: Assets/02_Script/Play/Player/Player.cs
  artifactKey: Guid(7b792d00a40d0c24a8f25bfa6b302cdf) Importer(815301076,1909f56bfc062723c751e8b465ee728b)
Start importing Assets/02_Script/Play/Player/Player.cs using Guid(7b792d00a40d0c24a8f25bfa6b302cdf) Importer(815301076,1909f56bfc062723c751e8b465ee728b)  -> (artifact id: '197b634a6ff51e8eea3430fe73dd6601') in 0.007209 seconds 
========================================================================
Received Import Request.
  Time since last request: 1.871104 seconds.
  path: Assets/02_Script/Play/Player/PlayerUI.cs
  artifactKey: Guid(584d3c9e648ab724ab8826fdda7a3cd4) Importer(815301076,1909f56bfc062723c751e8b465ee728b)
Start importing Assets/02_Script/Play/Player/PlayerUI.cs using Guid(584d3c9e648ab724ab8826fdda7a3cd4) Importer(815301076,1909f56bfc062723c751e8b465ee728b)  -> (artifact id: '06acf14c1c9166291c09c9de2f78c6eb') in 0.012547 seconds 
========================================================================
Received Import Request.
  Time since last request: 851.391812 seconds.
  path: Assets/02_Script/Play/ETC/CommonStatus.cs
  artifactKey: Guid(c230251b831e1884ca3ce64cb9b6ce41) Importer(815301076,1909f56bfc062723c751e8b465ee728b)
Start importing Assets/02_Script/Play/ETC/CommonStatus.cs using Guid(c230251b831e1884ca3ce64cb9b6ce41) Importer(815301076,1909f56bfc062723c751e8b465ee728b)  -> (artifact id: 'fb32a7486edce9d6a62a13ecac2aa5db') in 0.019701 seconds 
AssetImportWorkerClient::OnTransportError - code=2 error=End of file
