Using pre-set license
Built from '2021.1/staging' branch; Version is '2021.1.20f1 (be552157821d) revision 12473633'; Using compiler version '192528614'; Build Type 'Release'
OS: 'Windows 10 Home; OS build 19043.1466; Version 2009; 64bit' Language: 'ko' Physical Memory: 8130 MB
BatchMode: 1, IsHumanControllingUs: 0, StartBugReporterOnCrash: 0, Is64bit: 1, IsPro: 0

COMMAND LINE ARGUMENTS:
D:\2021.1.20f1\Editor\Unity.exe
-adb2
-batchMode
-noUpm
-name
AssetImportWorker3
-projectPath
D:/20_102_Unity/TeamPaladog/TeamPaladog/Prototype
-logFile
Logs/AssetImportWorker3.log
-srvPort
61924
Successfully changed project path to: D:/20_102_Unity/TeamPaladog/TeamPaladog/Prototype
D:/20_102_Unity/TeamPaladog/TeamPaladog/Prototype
Using Asset Import Pipeline V2.
Refreshing native plugins compatible for Editor in 263.06 ms, found 8 plugins.
Preloading 0 native plugins for Editor in 0.00 ms.
Initialize engine version: 2021.1.20f1 (be552157821d)
[Subsystems] Discovering subsystems at path D:/2021.1.20f1/Editor/Data/Resources/UnitySubsystems
[Subsystems] Discovering subsystems at path D:/20_102_Unity/TeamPaladog/TeamPaladog/Prototype/Assets
GfxDevice: creating device client; threaded=0; jobified=0
Direct3D:
    Version:  Direct3D 11.0 [level 11.0]
    Renderer: NVIDIA GeForce GTX 650 (ID=0xfc6)
    Vendor:   NVIDIA
    VRAM:     984 MB
    Driver:   27.21.14.5730
Initialize mono
Mono path[0] = 'D:/2021.1.20f1/Editor/Data/Managed'
Mono path[1] = 'D:/2021.1.20f1/Editor/Data/MonoBleedingEdge/lib/mono/unityjit'
Mono config path = 'D:/2021.1.20f1/Editor/Data/MonoBleedingEdge/etc'
Using monoOptions --debugger-agent=transport=dt_socket,embedding=1,server=y,suspend=n,address=127.0.0.1:56428
Begin MonoManager ReloadAssembly
